<?xml version="1.0" encoding="utf-8"?><testsuites name="pytest tests"><testsuite name="pytest" errors="0" failures="0" skipped="4" tests="963" time="52.764" timestamp="2026-07-29T18:49:31.564593-06:00" hostname="Mac.gateway.sasktel.net"><testcase classname="tests.test_32_gate_execution" name="test_gate_registry_has_32_gates" time="0.000" /><testcase classname="tests.test_32_gate_execution" name="test_every_gate_has_test_files" time="0.000" /><testcase classname="tests.test_32_gate_execution" name="test_every_gate_test_file_exists" time="0.001" /><testcase classname="tests.test_32_gate_execution" name="test_every_gate_has_claims_supported" time="0.000" /><testcase classname="tests.test_32_gate_execution" name="test_every_gate_has_section" time="0.000" /><testcase classname="tests.test_32_gate_execution" name="test_get_gate_by_id" time="0.000" /><testcase classname="tests.test_32_gate_execution" name="test_get_gate_unknown_raises" time="0.000" /><testcase classname="tests.test_32_gate_execution" name="test_gate_report_serialization" time="0.000" /><testcase classname="tests.test_32_gate_execution" name="test_gate_registry_covers_new_sections" time="0.000" /><testcase classname="tests.test_abstain_target" name="test_both_fail_yields_abstain" time="0.000" /><testcase classname="tests.test_abstain_target" name="test_both_correct_tie_yields_abstain" time="0.000" /><testcase classname="tests.test_abstain_target" name="test_clear_symbolic_preference_outside_band" time="0.000" /><testcase classname="tests.test_abstain_target" name="test_clear_llm_preference_outside_band" time="0.000" /><testcase classname="tests.test_abstain_target" name="test_within_band_abstains_even_if_nonzero_delta" time="0.000" /><testcase classname="tests.test_accuracy_tie" name="test_accuracy_delta_symbolic_only_correct" time="0.000" /><testcase classname="tests.test_accuracy_tie" name="test_accuracy_delta_llm_only_correct" time="0.000" /><testcase classname="tests.test_accuracy_tie" name="test_accuracy_delta_tie_both_correct" time="0.000" /><testcase classname="tests.test_accuracy_tie" name="test_accuracy_delta_tie_both_wrong" time="0.000" /><testcase classname="tests.test_accuracy_tie" name="test_utility_separate_from_accuracy" time="0.000" /><testcase classname="tests.test_activation_telemetry" name="test_telemetry_sink_collects_stats_for_all_scope" time="0.002" /><testcase classname="tests.test_activation_telemetry" name="test_telemetry_sink_collects_stats_for_last_scope" time="0.001" /><testcase classname="tests.test_activation_telemetry" name="test_telemetry_sink_none_does_not_collect" time="0.000" /><testcase classname="tests.test_activation_telemetry" name="test_telemetry_multi_layer_collects_per_layer" time="0.001" /><testcase classname="tests.test_activation_telemetry" name="test_telemetry_relative_perturbation_increases_with_alpha" time="0.001" /><testcase classname="tests.test_activation_telemetry" name="test_telemetry_cosine_shift_zero_for_zero_alpha" time="0.000" /><testcase classname="tests.test_activation_telemetry" name="test_telemetry_records_batched_target_indices" time="0.000" /><testcase classname="tests.test_activation_telemetry" name="test_telemetry_via_score_route_batch" time="0.000" /><testcase classname="tests.test_all_version_surfaces_match" name="test_init_version" time="0.000" /><testcase classname="tests.test_all_version_surfaces_match" name="test_pyproject_version_matches" time="0.000" /><testcase classname="tests.test_all_version_surfaces_match" name="test_experiment_config_version" time="0.000" /><testcase classname="tests.test_all_version_surfaces_match" name="test_provenance_record_version" time="0.000" /><testcase classname="tests.test_all_version_surfaces_match" name="test_final_access_ledger_version" time="0.000" /><testcase classname="tests.test_all_version_surfaces_match" name="test_crossover_generator_version" time="0.000" /><testcase classname="tests.test_all_version_surfaces_match" name="test_cli_version_output" time="0.114" /><testcase classname="tests.test_all_version_surfaces_match" name="test_readme_header_version" time="0.000" /><testcase classname="tests.test_all_version_surfaces_match" name="test_claims_header_version" time="0.000" /><testcase classname="tests.test_all_version_surfaces_match" name="test_no_forbidden_version_defaults_in_source" time="0.007" /><testcase classname="tests.test_all_version_surfaces_match" name="test_no_forbidden_version_defaults_in_scripts" time="0.001" /><testcase classname="tests.test_alpha_grid" name="test_alpha_grid_requires_bundle" time="0.007" /><testcase classname="tests.test_alpha_grid" name="test_alpha_grid_wrong_arity_rejected" time="0.004" /><testcase classname="tests.test_alpha_grid" name="test_alpha_grid_sweeps_independent_configurations" time="0.006" /><testcase classname="tests.test_alpha_grid" name="test_alpha_grid_non_finite_rejected" time="0.002" /><testcase classname="tests.test_alpha_grid" name="test_alpha_grid_empty_entry_rejected" time="0.002" /><testcase classname="tests.test_artifact_integrity_v0310_3_1" name="test_policy_artifact_dir_validates_missing" time="0.000" /><testcase classname="tests.test_artifact_integrity_v0310_3_1" name="test_policy_artifact_dir_complete" time="0.001" /><testcase classname="tests.test_artifact_integrity_v0310_3_1" name="test_result_dir_validates_missing" time="0.000" /><testcase classname="tests.test_artifact_integrity_v0310_3_1" name="test_result_dir_complete" time="0.001" /><testcase classname="tests.test_artifact_integrity_v0310_3_1" name="test_source_tree_hash_deterministic" time="0.163" /><testcase classname="tests.test_artifact_integrity_v0310_3_1" name="test_source_tree_hash_changes_on_edit" time="0.003" /><testcase classname="tests.test_artifact_integrity_v0310_3_1" name="test_assert_source_tree_matches_strict_raises" time="0.158" /><testcase classname="tests.test_artifact_integrity_v0310_3_1" name="test_assert_source_tree_matches_non_strict_warns" time="0.157" /><testcase classname="tests.test_artifact_integrity_v0310_3_1" name="test_assert_source_tree_matches_self_ok" time="0.155" /><testcase classname="tests.test_artifact_integrity_v0310_3_1" name="test_test_collection_hash_deterministic" time="10.669" /><testcase classname="tests.test_artifact_integrity_v0310_3_1" name="test_rerun_tests_runs_and_reports" time="6.907" /><testcase classname="tests.test_autolearn_loop" name="test_classify_outcome_symbolic_correct" time="0.000" /><testcase classname="tests.test_autolearn_loop" name="test_classify_outcome_symbolic_wrong" time="0.000" /><testcase classname="tests.test_autolearn_loop" name="test_classify_outcome_symbolic_failed" time="0.000" /><testcase classname="tests.test_autolearn_loop" name="test_classify_outcome_symbolic_malformed" time="0.000" /><testcase classname="tests.test_autolearn_loop" name="test_classify_outcome_symbolic_no_expected" time="0.000" /><testcase classname="tests.test_autolearn_loop" name="test_classify_outcome_llm_non_symbolic_task" time="0.000" /><testcase classname="tests.test_autolearn_loop" name="test_classify_outcome_llm_symbolic_task_correct" time="0.000" /><testcase classname="tests.test_autolearn_loop" name="test_classify_outcome_llm_symbolic_task_wrong" time="0.000" /><testcase classname="tests.test_autolearn_loop" name="test_classify_outcome_llm_no_output" time="0.000" /><testcase classname="tests.test_autolearn_loop" name="test_classify_outcome_uses_task_expected_when_not_provided" time="0.000" /><testcase classname="tests.test_autolearn_loop" name="test_classify_outcome_route_raw_recovers_unparseable_symbolic" time="0.000" /><testcase classname="tests.test_autolearn_loop" name="test_classify_outcome_route_raw_recovers_unparseable_llm" time="0.000" /><testcase classname="tests.test_autolearn_loop" name="test_classify_outcome_route_raw_llm_carries_expected_value" time="0.000" /><testcase classname="tests.test_autolearn_loop" name="test_classify_outcome_route_raw_none_does_not_change_behavior" time="0.000" /><testcase classname="tests.test_autolearn_loop" name="test_autolearn_loop_returns_result" time="0.001" /><testcase classname="tests.test_autolearn_loop" name="test_autolearn_loop_learning_curve_has_metrics" time="0.001" /><testcase classname="tests.test_autolearn_loop" name="test_autolearn_loop_first_iteration_has_no_vector" time="0.000" /><testcase classname="tests.test_autolearn_loop" name="test_autolearn_loop_updates_vector" time="0.008" /><testcase classname="tests.test_autolearn_loop" name="test_autolearn_loop_early_stops_when_no_update" time="0.001" /><testcase classname="tests.test_autolearn_loop" name="test_autolearn_loop_with_initial_vector" time="0.004" /><testcase classname="tests.test_autolearn_loop" name="test_autolearn_loop_best_iteration_tracked" time="0.001" /><testcase classname="tests.test_autolearn_loop" name="test_autolearn_loop_deterministic_with_seed" time="0.001" /><testcase classname="tests.test_autolearn_loop" name="test_autolearn_loop_empty_train" time="0.000" /><testcase classname="tests.test_autolearn_loop" name="test_autolearn_config_defaults" time="0.000" /><testcase classname="tests.test_autolearn_loop" name="test_route_with_steering_generate_fake_model" time="0.001" /><testcase classname="tests.test_autolearn_loop" name="test_route_without_steering_generate_fake_model" time="0.001" /><testcase classname="tests.test_autolearn_loop" name="test_evaluate_routes_simple" time="0.000" /><testcase classname="tests.test_autolearn_loop" name="test_evaluate_routes_simple_none_routes" time="0.000" /><testcase classname="tests.test_autolearn_loop" name="test_evaluate_routes_simple_preserves_abstain" time="0.000" /><testcase classname="tests.test_autolearn_loop" name="test_evaluate_routes_simple_coverage_distinguishes_routers" time="0.000" /><testcase classname="tests.test_autolearn_loop" name="test_autolearn_loop_generate_mode" time="0.002" /><testcase classname="tests.test_autolearn_loop" name="test_autolearn_loop_reports_stop_reason_max_iterations" time="0.000" /><testcase classname="tests.test_autolearn_loop" name="test_autolearn_loop_stop_reason_insufficient_examples" time="0.001" /><testcase classname="tests.test_autolearn_loop" name="test_autolearn_loop_preserves_abstain_route" time="0.000" /><testcase classname="tests.test_autolearn_loop" name="test_capture_activations_anchor_scope_resolves_anchor_token" time="0.001" /><testcase classname="tests.test_autolearn_loop" name="test_capture_activations_records_anchor_resolution_failure" time="0.000" /><testcase classname="tests.test_autolearn_loop" name="test_autolearn_loop_records_capture_coverage_metrics" time="0.002" /><testcase classname="tests.test_autolearn_loop" name="test_autolearn_loop_records_capture_token_scope_provenance" time="0.002" /><testcase classname="tests.test_baseline_matrix" name="test_baseline_matrix_is_computed" time="0.008" /><testcase classname="tests.test_baseline_matrix" name="test_oracle_is_upper_bound" time="0.005" /><testcase classname="tests.test_baseline_matrix" name="test_hand_router_beats_random" time="0.009" /><testcase classname="tests.test_baseline_matrix" name="test_always_symbolic_beats_always_llm_on_hard_tasks" time="0.004" /><testcase classname="tests.test_baseline_matrix" name="test_crossover_distribution_is_balanced" time="0.008" /><testcase classname="tests.test_benchmark_arithmetic_correctness" name="test_expected_matches_recomputed[A]" time="0.004" /><testcase classname="tests.test_benchmark_arithmetic_correctness" name="test_expected_matches_recomputed[B]" time="0.004" /><testcase classname="tests.test_benchmark_arithmetic_correctness" name="test_expected_matches_recomputed[C]" time="0.004" /><testcase classname="tests.test_benchmark_arithmetic_correctness" name="test_expected_matches_recomputed[D]" time="0.004" /><testcase classname="tests.test_benchmark_arithmetic_correctness" name="test_expected_matches_recomputed[E]" time="0.004" /><testcase classname="tests.test_benchmark_arithmetic_correctness" name="test_expected_matches_recomputed[F]" time="0.004" /><testcase classname="tests.test_benchmark_arithmetic_correctness" name="test_subtype_e_no_equal_products" time="0.006" /><testcase classname="tests.test_benchmark_arithmetic_correctness" name="test_subtype_c_half_is_exact" time="0.006" /><testcase classname="tests.test_benchmark_arithmetic_correctness" name="test_subtype_f_percentage_is_exact" time="0.006" /><testcase classname="tests.test_benchmark_stats_v0310_3_1" name="test_hand_router_routes_structured_to_symbolic" time="0.000" /><testcase classname="tests.test_benchmark_stats_v0310_3_1" name="test_hand_router_routes_unsupported_to_llm" time="0.000" /><testcase classname="tests.test_benchmark_stats_v0310_3_1" name="test_hand_router_routes_nl_extraction_to_llm" time="0.000" /><testcase classname="tests.test_benchmark_stats_v0310_3_1" name="test_hand_router_routes_modular_to_symbolic" time="0.000" /><testcase classname="tests.test_benchmark_stats_v0310_3_1" name="test_hand_router_does_not_read_expected_or_label" time="0.000" /><testcase classname="tests.test_benchmark_stats_v0310_3_1" name="test_hand_router_on_crossover_split" time="0.001" /><testcase classname="tests.test_benchmark_stats_v0310_3_1" name="test_no_within_split_duplicates_all_splits" time="0.005" /><testcase classname="tests.test_benchmark_stats_v0310_3_1" name="test_grouped_bootstrap_returns_ci" time="0.007" /><testcase classname="tests.test_benchmark_stats_v0310_3_1" name="test_grouped_bootstrap_keeps_groups_together" time="0.001" /><testcase classname="tests.test_benchmark_stats_v0310_3_1" name="test_ess_uniform_weights" time="0.000" /><testcase classname="tests.test_benchmark_stats_v0310_3_1" name="test_ess_concentrated_weights" time="0.000" /><testcase classname="tests.test_benchmark_stats_v0310_3_1" name="test_ess_all_zero" time="0.000" /><testcase classname="tests.test_benchmark_stats_v0310_3_1" name="test_weight_diagnostics" time="0.000" /><testcase classname="tests.test_benchmark_stats_v0310_3_1" name="test_uniform_and_weighted_receive_different_weights" time="0.000" /><testcase classname="tests.test_both_backends_fail" name="test_both_fail_target_is_abstain" time="0.000" /><testcase classname="tests.test_both_backends_fail" name="test_both_fail_delta_zero" time="0.000" /><testcase classname="tests.test_both_backends_fail" name="test_both_fail_no_correct_backend" time="0.000" /><testcase classname="tests.test_canonical_source_hash" name="test_canonical_hash_is_64_chars" time="0.078" /><testcase classname="tests.test_canonical_source_hash" name="test_canonical_hash_is_deterministic" time="0.154" /><testcase classname="tests.test_canonical_source_hash" name="test_legacy_provenance_delegates_to_canonical" time="0.158" /><testcase classname="tests.test_canonical_source_hash" name="test_artifact_integrity_delegates_to_canonical" time="0.155" /><testcase classname="tests.test_canonical_source_hash" name="test_canonical_hash_excludes_pycache" time="0.002" /><testcase classname="tests.test_canonical_source_hash" name="test_canonical_hash_changes_with_source" time="0.001" /><testcase classname="tests.test_canonical_source_hash" name="test_canonical_hash_excludes_artifacts_dir" time="0.001" /><testcase classname="tests.test_canonical_source_hash" name="test_deterministic_seed_is_deterministic" time="0.000" /><testcase classname="tests.test_canonical_source_hash" name="test_deterministic_seed_differs_for_different_inputs" time="0.000" /><testcase classname="tests.test_canonical_utility_v0310_3_1" name="test_backend_utility_matches_formula" time="0.000" /><testcase classname="tests.test_canonical_utility_v0310_3_1" name="test_utility_for_route_symbolic_llm_abstain" time="0.000" /><testcase classname="tests.test_canonical_utility_v0310_3_1" name="test_utility_for_route_rejects_unknown" time="0.000" /><testcase classname="tests.test_canonical_utility_v0310_3_1" name="test_counterfactual_and_backend_utility_agree" time="0.000" /><testcase classname="tests.test_canonical_utility_v0310_3_1" name="test_no_quality_weight_shortcut_in_real_scoring_paths" time="0.009" /><testcase classname="tests.test_capture_comparison_v0310_3_1" name="test_capture_ablation_selects_best_on_dev" time="0.002" /><testcase classname="tests.test_capture_comparison_v0310_3_1" name="test_capture_ablation_rejects_final_split" time="0.001" /><testcase classname="tests.test_capture_comparison_v0310_3_1" name="test_capture_ablation_records_per_layer_metrics" time="0.001" /><testcase classname="tests.test_capture_comparison_v0310_3_1" name="test_compare_policies_decisive_winner" time="0.023" /><testcase classname="tests.test_capture_comparison_v0310_3_1" name="test_compare_policies_tie_aware" time="0.003" /><testcase classname="tests.test_capture_comparison_v0310_3_1" name="test_compare_policies_reports_ess" time="0.001" /><testcase classname="tests.test_capture_comparison_v0310_3_1" name="test_compare_policies_best_not_decisive_flagged" time="0.003" /><testcase classname="tests.test_cli_entrypoints" name="test_pyproject_has_project_scripts_section" time="0.000" /><testcase classname="tests.test_cli_entrypoints" name="test_pyproject_lists_all_expected_entry_points" time="0.001" /><testcase classname="tests.test_cli_entrypoints" name="test_entry_points_discoverable_via_importlib_metadata" time="0.009" /><testcase classname="tests.test_cli_entrypoints" name="test_entry_point_targets_match_expected" time="0.008" /><testcase classname="tests.test_cli_entrypoints" name="test_cli_module_main_is_callable[daph_learning.cli.autolearn-autolearn.py]" time="0.001" /><testcase classname="tests.test_cli_entrypoints" name="test_cli_module_main_is_callable[daph_learning.cli.evaluate_routes-evaluate_routes.py]" time="0.001" /><testcase classname="tests.test_cli_entrypoints" name="test_cli_module_main_is_callable[daph_learning.cli.build_oracles-build_empirical_oracles.py]" time="0.001" /><testcase classname="tests.test_cli_entrypoints" name="test_cli_module_main_is_callable[daph_learning.cli.tune_steering-tune_steering.py]" time="0.001" /><testcase classname="tests.test_cli_entrypoints" name="test_cli_module_main_is_callable[daph_learning.cli.random_control-random_direction_control.py]" time="0.001" /><testcase classname="tests.test_cli_entrypoints" name="test_cli_load_script_main_dispatches_to_script" time="0.000" /><testcase classname="tests.test_cli_entrypoints" name="test_cli_load_script_main_raises_for_missing_script" time="0.000" /><testcase classname="tests.test_cli_entrypoints" name="test_package_importable_without_pythonpath" time="0.000" /><testcase classname="tests.test_cli_entrypoints" name="test_cli_importable_without_pythonpath" time="0.000" /><testcase classname="tests.test_cli_path_completion" name="test_intervene_does_not_use_synthetic_utility" time="0.000" /><testcase classname="tests.test_cli_path_completion" name="test_calibrate_does_not_have_zero_utility_fallback" time="0.000" /><testcase classname="tests.test_cli_path_completion" name="test_evaluate_uses_real_backends_for_test_tasks" time="0.000" /><testcase classname="tests.test_cli_path_completion" name="test_cli_evaluate_synthetic_runs" time="2.464" /><testcase classname="tests.test_cli_path_completion" name="test_cli_calibrate_synthetic_runs" time="1.505" /><testcase classname="tests.test_cli_stage_v0310_3_1" name="test_evaluate_routes_rejects_final_before_frozen" time="0.966" /><testcase classname="tests.test_cli_stage_v0310_3_1" name="test_evaluate_routes_unknown_stage_rejected" time="0.829" /><testcase classname="tests.test_contextual_token_resolver" name="test_contextual_resolver_returns_continuation_token" time="0.000" /><testcase classname="tests.test_contextual_token_resolver" name="test_contextual_resolver_detects_boundary_difference" time="0.000" /><testcase classname="tests.test_contextual_token_resolver" name="test_contextual_resolver_with_leading_space_false" time="0.000" /><testcase classname="tests.test_contextual_token_resolver" name="test_contextual_resolver_rejects_multitoken_continuation" time="0.000" /><testcase classname="tests.test_contextual_token_resolver" name="test_contextual_resolver_rejects_same_token_ids" time="0.000" /><testcase classname="tests.test_contextual_token_resolver" name="test_isolated_resolver_still_works" time="0.000" /><testcase classname="tests.test_contextual_token_resolver" name="test_score_route_batch_supports_contextual_resolver" time="0.001" /><testcase classname="tests.test_contextual_token_resolver" name="test_score_route_batch_contextual_differs_from_isolated_when_boundary_differs" time="0.001" /><testcase classname="tests.test_contextual_token_resolver" name="test_score_route_batch_rejects_unknown_resolver" time="0.000" /><testcase classname="tests.test_contextual_token_resolver" name="test_contextual_resolver_requires_prompts" time="0.000" /><testcase classname="tests.test_contextual_token_resolver" name="test_isolated_resolver_first_token_fallback_returns_first_subword" time="0.000" /><testcase classname="tests.test_contextual_token_resolver" name="test_contextual_resolver_first_token_fallback_returns_first_continuation" time="0.000" /><testcase classname="tests.test_contextual_token_resolver" name="test_first_token_fallback_prefers_single_token_when_available" time="0.000" /><testcase classname="tests.test_contextual_token_resolver" name="test_first_token_fallback_rejects_same_first_token" time="0.000" /><testcase classname="tests.test_contextual_token_resolver" name="test_score_route_batch_first_token_fallback_routes_on_first_subword" time="0.000" /><testcase classname="tests.test_contextual_token_resolver" name="test_detect_alignment_trims_trailing_whitespace" time="0.000" /><testcase classname="tests.test_contextual_token_resolver" name="test_detect_alignment_keeps_canonical_action_colon" time="0.000" /><testcase classname="tests.test_contextual_token_resolver" name="test_detect_alignment_no_action_anchor_returns_unchanged" time="0.000" /><testcase classname="tests.test_contextual_token_resolver" name="test_detect_alignment_empty_prompt" time="0.000" /><testcase classname="tests.test_contextual_token_resolver" name="test_contextual_resolver_uses_alignment_when_no_leading_space_hint" time="0.000" /><testcase classname="tests.test_contextual_token_resolver" name="test_contextual_resolver_across_tokenizer_families[tok0-True-10-20]" time="0.000" /><testcase classname="tests.test_contextual_token_resolver" name="test_contextual_resolver_across_tokenizer_families[tok1-False-10-20]" time="0.000" /><testcase classname="tests.test_contextual_token_resolver" name="test_contextual_resolver_across_tokenizer_families[tok2-False-10-20]" time="0.000" /><testcase classname="tests.test_counterfactual_execution" name="test_both_backends_executed_exactly_once" time="0.000" /><testcase classname="tests.test_counterfactual_execution" name="test_paired_outcomes_symbolic_correct_llm_wrong" time="0.000" /><testcase classname="tests.test_counterfactual_execution" name="test_paired_outcomes_both_correct" time="0.000" /><testcase classname="tests.test_counterfactual_execution" name="test_skip_llm_keeps_invariant_unexecuted_never_correct" time="0.000" /><testcase classname="tests.test_counterfactual_execution" name="test_runner_exception_recorded_as_failure_not_crash" time="0.000" /><testcase classname="tests.test_counterfactual_execution" name="test_utility_recorded_for_both_backends" time="0.000" /><testcase classname="tests.test_crossover_benchmark_v0310_3_1" name="test_all_subtypes_share_one_family" time="0.001" /><testcase classname="tests.test_crossover_benchmark_v0310_3_1" name="test_no_optimal_backend_encoded_in_metadata" time="0.000" /><testcase classname="tests.test_crossover_benchmark_v0310_3_1" name="test_no_within_split_prompt_duplicates" time="0.004" /><testcase classname="tests.test_crossover_benchmark_v0310_3_1" name="test_crossover_family_contains_both_backend_preferences" time="0.006" /><testcase classname="tests.test_crossover_benchmark_v0310_3_1" name="test_optimal_derived_from_execution_not_metadata" time="0.006" /><testcase classname="tests.test_crossover_benchmark_v0310_3_1" name="test_splits_are_template_disjoint" time="0.000" /><testcase classname="tests.test_crossover_benchmark_v0310_3_1" name="test_generate_task_rejects_unlicensed_slot" time="0.000" /><testcase classname="tests.test_crossover_benchmark_v0310_3_1" name="test_generate_task_rejects_unknown_subtype" time="0.000" /><testcase classname="tests.test_crossover_benchmark_v0310_3_1" name="test_group_and_template_ids_present" time="0.000" /><testcase classname="tests.test_cuda_timing" name="test_cuda_timed_returns_positive_elapsed_on_cpu" time="0.013" /><testcase classname="tests.test_cuda_timing" name="test_cuda_timed_populates_result_at_exit" time="0.000" /><testcase classname="tests.test_cuda_timing" name="test_cuda_timed_accumulator_appends_results" time="0.020" /><testcase classname="tests.test_cuda_timing" name="test_cuda_timed_accumulator_empty_summary" time="0.000" /><testcase classname="tests.test_cuda_timing" name="test_cuda_timed_accumulator_context_manager_pattern" time="0.005" /><testcase classname="tests.test_cuda_timing" name="test_timing_result_dataclass_fields" time="0.000" /><testcase classname="tests.test_cuda_timing" name="test_cuda_timed_handles_exceptions" time="0.000" /><testcase classname="tests.test_cuda_timing" name="test_cuda_timed_device_string_is_stable" time="0.000" /><testcase classname="tests.test_cuda_timing" name="test_cuda_timed_uses_cuda_events_on_gpu" time="0.000"><skipped type="pytest.skip" message="no CUDA device available">/Users/dawsonblock/Downloads/DAPH_AutoLearn_v0_3_8_protocol_repair/tests/test_cuda_timing.py:116: no CUDA device available</skipped></testcase><testcase classname="tests.test_current_artifact_tree_contains_no_stale_source_hash" name="test_current_artifacts_dir_exists" time="0.000" /><testcase classname="tests.test_current_artifact_tree_contains_no_stale_source_hash" name="test_current_artifact_tree_contains_no_stale_source_hash" time="0.083" /><testcase classname="tests.test_current_artifact_tree_contains_no_stale_source_hash" name="test_archived_artifacts_are_not_in_current" time="0.000" /><testcase classname="tests.test_dataset_protocol_v038" name="test_generated_splits_are_template_disjoint_and_unique" time="0.005" /><testcase classname="tests.test_dataset_protocol_v038" name="test_task_fingerprint_ignores_task_id" time="0.003" /><testcase classname="tests.test_dataset_protocol_v038" name="test_leakage_scanner_detects_family_overlap" time="0.005" /><testcase classname="tests.test_empirical_oracles" name="test_capability_oracle_symbolic_when_executor_succeeds" time="0.000" /><testcase classname="tests.test_empirical_oracles" name="test_capability_oracle_llm_when_executor_raises" time="0.000" /><testcase classname="tests.test_empirical_oracles" name="test_accuracy_oracle_symbolic_when_llm_wrong" time="0.000" /><testcase classname="tests.test_empirical_oracles" name="test_accuracy_oracle_llm_when_symbolic_wrong" time="0.000" /><testcase classname="tests.test_empirical_oracles" name="test_accuracy_oracle_symbolic_on_tie_both_correct" time="0.000" /><testcase classname="tests.test_empirical_oracles" name="test_accuracy_oracle_llm_for_non_numeric_task" time="0.000" /><testcase classname="tests.test_empirical_oracles" name="test_utility_oracle_symbolic_when_fast_and_correct" time="0.000" /><testcase classname="tests.test_empirical_oracles" name="test_utility_oracle_llm_when_symbolic_too_slow" time="0.000" /><testcase classname="tests.test_empirical_oracles" name="test_utility_oracle_symbolic_when_llm_wrong_even_if_slow" time="0.000" /><testcase classname="tests.test_empirical_oracles" name="test_empirical_route_label_equals_utility_oracle" time="0.000" /><testcase classname="tests.test_empirical_oracles" name="test_empirical_provenance_recorded" time="0.000" /><testcase classname="tests.test_empirical_oracles" name="test_measure_symbolic_runs_supported_capability" time="0.000" /><testcase classname="tests.test_empirical_oracles" name="test_measure_symbolic_unsupported_capability_skips" time="0.000" /><testcase classname="tests.test_empirical_oracles" name="test_measure_symbolic_records_error_on_malformed" time="0.000" /><testcase classname="tests.test_empirical_oracles" name="test_build_empirical_oracles_symbolic_only_mode" time="0.000" /><testcase classname="tests.test_empirical_oracles" name="test_build_empirical_oracles_overwrites_heuristic_labels" time="0.000" /><testcase classname="tests.test_empirical_oracles" name="test_build_empirical_oracles_with_fake_llm_correct" time="0.001" /><testcase classname="tests.test_empirical_oracles" name="test_build_empirical_oracles_with_fake_llm_wrong" time="0.000" /><testcase classname="tests.test_empirical_oracles" name="test_build_empirical_oracles_cli_writes_files" time="0.001" /><testcase classname="tests.test_exception_fallbacks" name="test_no_bare_except_exception_in_src" time="0.024" /><testcase classname="tests.test_exception_fallbacks" name="test_multi_token_route_error_is_value_error_subclass" time="0.000" /><testcase classname="tests.test_exception_fallbacks" name="test_context_boundary_error_is_value_error_subclass" time="0.000" /><testcase classname="tests.test_exception_fallbacks" name="test_invalid_route_decision_error_is_route_resolution_error" time="0.000" /><testcase classname="tests.test_exception_fallbacks" name="test_steering_application_error_is_independent" time="0.000" /><testcase classname="tests.test_exception_fallbacks" name="test_model_routing_error_is_independent" time="0.000" /><testcase classname="tests.test_exception_fallbacks" name="test_resolve_route_token_ids_raises_multi_token_route_error" time="0.000" /><testcase classname="tests.test_exception_fallbacks" name="test_resolve_route_token_ids_multi_token_error_is_value_error" time="0.000" /><testcase classname="tests.test_exception_fallbacks" name="test_contextual_resolver_empty_prompt_raises_context_boundary_error" time="0.000" /><testcase classname="tests.test_exception_fallbacks" name="test_contextual_resolver_multi_token_raises_multi_token_route_error" time="0.000" /><testcase classname="tests.test_exception_fallbacks" name="test_emit_fallback_records_event" time="0.000" /><testcase classname="tests.test_exception_fallbacks" name="test_emit_fallback_sink_receives_events" time="0.000" /><testcase classname="tests.test_exception_fallbacks" name="test_emit_fallback_extra_fields" time="0.000" /><testcase classname="tests.test_exception_fallbacks" name="test_execute_symbolic_emits_telemetry_on_failure" time="0.000" /><testcase classname="tests.test_exception_fallbacks" name="test_execute_symbolic_unexpected_exception_propagates" time="0.000" /><testcase classname="tests.test_exception_fallbacks" name="test_routingcascade_emits_telemetry_for_multi_token_fallback" time="0.001" /><testcase classname="tests.test_exception_fallbacks" name="test_route_tasks_custom_path_does_not_swallow_exceptions" time="0.000" /><testcase classname="tests.test_execution_plan" name="test_plan_executes_its_action_not_gold_expected" time="0.000" /><testcase classname="tests.test_execution_plan" name="test_manual_plan_dispatch_is_authoritative" time="0.000" /><testcase classname="tests.test_execution_plan" name="test_unknown_action_rejected" time="0.000" /><testcase classname="tests.test_execution_plan" name="test_modular_text_fallback_compiles_to_typed_action" time="0.000" /><testcase classname="tests.test_immutable_experience_records" name="test_record_hash_covers_task" time="0.000" /><testcase classname="tests.test_immutable_experience_records" name="test_record_hash_covers_prompt" time="0.000" /><testcase classname="tests.test_immutable_experience_records" name="test_record_hash_covers_outputs" time="0.000" /><testcase classname="tests.test_immutable_experience_records" name="test_record_hash_covers_verifier" time="0.000" /><testcase classname="tests.test_immutable_experience_records" name="test_record_hash_covers_timing_method" time="0.000" /><testcase classname="tests.test_immutable_experience_records" name="test_record_hash_covers_model_revision" time="0.000" /><testcase classname="tests.test_immutable_experience_records" name="test_record_hash_covers_utility_config" time="0.000" /><testcase classname="tests.test_immutable_experience_records" name="test_record_hash_covers_capture_counts" time="0.000" /><testcase classname="tests.test_immutable_experience_records" name="test_record_is_immutable" time="0.000" /><testcase classname="tests.test_immutable_experience_records" name="test_ledger_hash_couples_records_and_data_and_config" time="0.000" /><testcase classname="tests.test_immutable_experience_records" name="test_ledger_verify_coupling_passes_on_consistent_ledger" time="0.000" /><testcase classname="tests.test_immutable_experience_records" name="test_ledger_rejects_record_with_mismatched_config_hash" time="0.000" /><testcase classname="tests.test_immutable_experience_records" name="test_ledger_hash_changes_on_append" time="0.000" /><testcase classname="tests.test_immutable_experience_records" name="test_capture_counts_match_provenance" time="0.000" /><testcase classname="tests.test_immutable_experience_records" name="test_capture_counts_mismatch_raises" time="0.000" /><testcase classname="tests.test_immutable_experience_records" name="test_timing_method_name_cuda_when_available" time="0.000" /><testcase classname="tests.test_immutable_experience_records" name="test_gpu_capture_succeeds_or_skips_gracefully" time="0.000" /><testcase classname="tests.test_kl_failclosed_v0310_3_1" name="test_kl_gate_utility_up_kl_exceeds_rejects" time="0.000" /><testcase classname="tests.test_kl_failclosed_v0310_3_1" name="test_kl_gate_utility_up_kl_below_allows" time="0.000" /><testcase classname="tests.test_kl_failclosed_v0310_3_1" name="test_kl_gate_kl_unavailable_fails_closed" time="0.000" /><testcase classname="tests.test_kl_failclosed_v0310_3_1" name="test_kl_gate_records_p95_and_threshold" time="0.000" /><testcase classname="tests.test_kl_failclosed_v0310_3_1" name="test_kl_divergence_identical_distributions" time="0.000" /><testcase classname="tests.test_kl_failclosed_v0310_3_1" name="test_mean_kl_neutral" time="0.000" /><testcase classname="tests.test_kl_failclosed_v0310_3_1" name="test_utility_for_route_rejects_unknown_route" time="0.000" /><testcase classname="tests.test_kl_failclosed_v0310_3_1" name="test_steering_eval_requires_real_executors" time="0.001" /><testcase classname="tests.test_label_field_changes_training" name="test_changing_label_field_changes_route_suitability" time="0.000" /><testcase classname="tests.test_label_field_changes_training" name="test_label_field_threads_to_selected_route_in_target_runs" time="0.000" /><testcase classname="tests.test_latency_measurement" name="test_stage_elapsed_ms_both_none" time="0.000" /><testcase classname="tests.test_latency_measurement" name="test_stage_elapsed_ms_start_none" time="0.000" /><testcase classname="tests.test_latency_measurement" name="test_stage_elapsed_ms_end_none" time="0.000" /><testcase classname="tests.test_latency_measurement" name="test_stage_elapsed_ms_zero" time="0.000" /><testcase classname="tests.test_latency_measurement" name="test_stage_elapsed_ms_positive" time="0.000" /><testcase classname="tests.test_latency_measurement" name="test_stage_elapsed_ms_skipped_stage_returns_zero" time="0.000" /><testcase classname="tests.test_latency_measurement" name="test_route_record_includes_per_stage_latencies" time="0.002" /><testcase classname="tests.test_latency_measurement" name="test_route_record_llm_task_has_answer_latency" time="3.176" /><testcase classname="tests.test_linear_probe_baseline" name="test_linear_probe_separable_classes" time="0.115" /><testcase classname="tests.test_linear_probe_baseline" name="test_linear_probe_random_classes_near_baseline" time="0.010" /><testcase classname="tests.test_linear_probe_baseline" name="test_linear_probe_imbalanced_classes" time="0.011" /><testcase classname="tests.test_linear_probe_baseline" name="test_linear_probe_rejects_mismatched_dims" time="0.000" /><testcase classname="tests.test_linear_probe_baseline" name="test_linear_probe_rejects_wrong_ndim" time="0.000" /><testcase classname="tests.test_linear_probe_baseline" name="test_linear_probe_rejects_too_few_samples" time="0.000" /><testcase classname="tests.test_linear_probe_baseline" name="test_linear_probe_rejects_too_few_per_class_for_cv" time="0.000" /><testcase classname="tests.test_linear_probe_baseline" name="test_linear_probe_confusion_matrix_shape" time="0.010" /><testcase classname="tests.test_linear_probe_baseline" name="test_linear_probe_cli_end_to_end" time="0.012" /><testcase classname="tests.test_linear_probe_baseline" name="test_linear_probe_deterministic_with_seed" time="0.022" /><testcase classname="tests.test_manifest" name="test_build_and_validate_minimal" time="0.001" /><testcase classname="tests.test_manifest" name="test_manifest_version_is_v1" time="0.000" /><testcase classname="tests.test_manifest" name="test_missing_required_field_aggregates" time="0.001" /><testcase classname="tests.test_manifest" name="test_unknown_split_rejected" time="0.001" /><testcase classname="tests.test_manifest" name="test_unknown_token_resolver_rejected" time="0.001" /><testcase classname="tests.test_manifest" name="test_split_leakage_rejected" time="0.001" /><testcase classname="tests.test_manifest" name="test_split_leakage_does_not_fire_when_capture_sha_differs" time="0.001" /><testcase classname="tests.test_manifest" name="test_headline_validation_requires_provenance" time="0.001" /><testcase classname="tests.test_manifest" name="test_headline_validation_passes_with_full_provenance" time="0.001" /><testcase classname="tests.test_manifest" name="test_headline_validation_flags_missing_vector_provenance" time="0.001" /><testcase classname="tests.test_manifest" name="test_serialize_is_canonical_and_stable" time="0.001" /><testcase classname="tests.test_manifest" name="test_manifest_sha256_is_stable" time="0.001" /><testcase classname="tests.test_manifest" name="test_manifest_sha256_changes_when_field_changes" time="0.001" /><testcase classname="tests.test_manifest" name="test_write_and_load_manifest_roundtrip" time="0.001" /><testcase classname="tests.test_manifest" name="test_hash_vector_values_is_dtype_invariant" time="0.000" /><testcase classname="tests.test_manifest" name="test_hash_vector_values_changes_with_values" time="0.000" /><testcase classname="tests.test_manifest" name="test_vector_entry_with_bad_family_rejected" time="0.001" /><testcase classname="tests.test_manifest" name="test_vector_entry_with_bad_token_scope_rejected" time="0.001" /><testcase classname="tests.test_manifest" name="test_outputs_must_be_non_empty" time="0.001" /><testcase classname="tests.test_manifest" name="test_output_entry_dataclass_roundtrips" time="0.000" /><testcase classname="tests.test_manifest" name="test_vector_entry_dataclass_defaults_none" time="0.000" /><testcase classname="tests.test_manifest" name="test_validate_accepts_plain_dict_payload" time="0.001" /><testcase classname="tests.test_manifest" name="test_label_oracle_kind_must_be_legal" time="0.001" /><testcase classname="tests.test_manifest" name="test_label_oracle_kind_null_is_allowed" time="0.001" /><testcase classname="tests.test_manifest" name="test_label_oracle_kind_policy_heuristic_is_documented" time="0.001" /><testcase classname="tests.test_manifest_autofill" name="test_config_hash_stable_across_key_order" time="0.000" /><testcase classname="tests.test_manifest_autofill" name="test_config_hash_changes_when_config_changes" time="0.000" /><testcase classname="tests.test_manifest_autofill" name="test_config_hash_none_when_no_config" time="0.000" /><testcase classname="tests.test_manifest_autofill" name="test_config_hash_is_sha256_hex" time="0.000" /><testcase classname="tests.test_manifest_autofill" name="test_chat_template_hash_stable" time="0.000" /><testcase classname="tests.test_manifest_autofill" name="test_chat_template_hash_none_when_no_template" time="0.000" /><testcase classname="tests.test_manifest_autofill" name="test_chat_template_hash_changes_when_template_changes" time="0.000" /><testcase classname="tests.test_manifest_autofill" name="test_enrich_model_info_fills_headline_fields" time="0.000" /><testcase classname="tests.test_manifest_autofill" name="test_enrich_model_info_handles_gpt2_fallback_field_names" time="0.001" /><testcase classname="tests.test_manifest_autofill" name="test_enrich_model_info_preserves_repo_when_no_commit_hash" time="0.001" /><testcase classname="tests.test_manifest_autofill" name="test_enrich_tokenizer_info_fills_headline_fields" time="0.000" /><testcase classname="tests.test_manifest_autofill" name="test_enrich_tokenizer_info_no_template_keeps_hash_none" time="0.000" /><testcase classname="tests.test_manifest_autofill" name="test_emit_manifest_enriches_from_loaded_objects" time="0.028" /><testcase classname="tests.test_manifest_autofill" name="test_emit_manifest_without_loaded_objects_keeps_none_defaults" time="0.021" /><testcase classname="tests.test_manifest_autofill" name="test_emit_manifest_headline_validation_passes_with_loaded_objects" time="0.144" /><testcase classname="tests.test_manifest_emission" name="test_generate_v0_outputs_emits_manifest" time="0.042" /><testcase classname="tests.test_manifest_emission" name="test_generate_v0_outputs_no_manifest_flag_suppresses_file" time="0.002" /><testcase classname="tests.test_manifest_emission" name="test_generate_v0_outputs_manifest_records_split_and_oracle_kind" time="0.042" /><testcase classname="tests.test_manifest_emission" name="test_evaluate_routes_emits_manifest" time="0.044" /><testcase classname="tests.test_manifest_emission" name="test_evaluate_routes_no_manifest_flag" time="0.002" /><testcase classname="tests.test_manifest_emission" name="test_load_vector_cli_returns_paths" time="0.002" /><testcase classname="tests.test_manifest_environment" name="test_capture_environment_uses_importlib_metadata" time="0.004" /><testcase classname="tests.test_manifest_environment" name="test_capture_environment_includes_all_tracked_packages" time="0.002" /><testcase classname="tests.test_manifest_environment" name="test_capture_environment_uninstalled_package_is_none" time="0.003" /><testcase classname="tests.test_manifest_environment" name="test_capture_environment_python_version" time="0.002" /><testcase classname="tests.test_manifest_environment" name="test_capture_environment_os_string" time="0.002" /><testcase classname="tests.test_manifest_environment" name="test_capture_environment_cuda_fields_present" time="0.002" /><testcase classname="tests.test_manifest_environment" name="test_capture_environment_cuda_consistency" time="0.003" /><testcase classname="tests.test_manifest_environment" name="test_capture_environment_with_model_extracts_attention_dtype" time="0.003" /><testcase classname="tests.test_manifest_environment" name="test_capture_environment_with_model_extracts_device_map" time="0.003" /><testcase classname="tests.test_manifest_environment" name="test_capture_environment_without_model_has_none_model_fields" time="0.002" /><testcase classname="tests.test_manifest_environment" name="test_fail_closed_raises_when_required_field_missing" time="0.003" /><testcase classname="tests.test_manifest_environment" name="test_fail_closed_succeeds_when_all_required_present" time="0.002" /><testcase classname="tests.test_manifest_environment" name="test_fail_closed_error_lists_missing_fields" time="0.002" /><testcase classname="tests.test_manifest_environment" name="test_emit_manifest_fail_closed_environment_propagates" time="0.018" /><testcase classname="tests.test_manifest_environment" name="test_emit_manifest_default_does_not_fail_closed" time="0.021" /><testcase classname="tests.test_manifest_environment" name="test_environment_provenance_to_dict_roundtrip" time="0.000" /><testcase classname="tests.test_memory" name="test_memory_load_and_retrieve" time="0.001" /><testcase classname="tests.test_memory_system" name="test_store_and_retrieve_by_key" time="0.000" /><testcase classname="tests.test_memory_system" name="test_retrieve_by_metadata" time="0.000" /><testcase classname="tests.test_memory_system" name="test_retrieve_similar_cosine" time="0.000" /><testcase classname="tests.test_memory_system" name="test_retrieve_similar_skips_records_without_embedding" time="0.000" /><testcase classname="tests.test_memory_system" name="test_revise_retains_history_and_increments_revision" time="0.000" /><testcase classname="tests.test_memory_system" name="test_revise_unknown_key_raises" time="0.000" /><testcase classname="tests.test_memory_system" name="test_revise_carries_forward_metadata" time="0.000" /><testcase classname="tests.test_memory_system" name="test_record_hash_changes_with_content" time="0.000" /><testcase classname="tests.test_memory_system" name="test_verify_integrity_passes_on_clean_store" time="0.000" /><testcase classname="tests.test_memory_system" name="test_verify_integrity_detects_parent_chain_break" time="0.000" /><testcase classname="tests.test_memory_system" name="test_vector_library_retrieves_best_for_behavior" time="0.000" /><testcase classname="tests.test_memory_system" name="test_vector_library_filters_by_layer_and_family" time="0.000" /><testcase classname="tests.test_memory_system" name="test_vector_entry_hashed" time="0.000" /><testcase classname="tests.test_memory_system" name="test_topk_selector_implements_protocol" time="0.000" /><testcase classname="tests.test_memory_system" name="test_topk_selector_picks_contrastive_features" time="0.000" /><testcase classname="tests.test_memory_system" name="test_topk_selector_project_onto_subspace" time="0.000" /><testcase classname="tests.test_memory_system" name="test_topk_selector_requires_fit" time="0.000" /><testcase classname="tests.test_memory_system" name="test_topk_selector_rejects_non_binary_labels" time="0.000" /><testcase classname="tests.test_no_duplicate_prompts_per_split" name="test_train_no_duplicates" time="0.003" /><testcase classname="tests.test_no_duplicate_prompts_per_split" name="test_dev_no_duplicates" time="0.003" /><testcase classname="tests.test_no_duplicate_prompts_per_split" name="test_calibration_no_duplicates" time="0.004" /><testcase classname="tests.test_no_duplicate_prompts_per_split" name="test_final_no_duplicates" time="0.003" /><testcase classname="tests.test_no_duplicate_prompts_per_split" name="test_assert_no_within_split_duplicates_passes" time="0.003" /><testcase classname="tests.test_no_duplicate_prompts_per_split" name="test_cross_split_no_prompt_overlap" time="0.006" /><testcase classname="tests.test_no_scripts_imports" name="test_no_src_module_imports_scripts" time="0.151" /><testcase classname="tests.test_no_scripts_imports" name="test_no_src_module_text_references_scripts_import" time="0.011" /><testcase classname="tests.test_no_scripts_imports" name="test_scripts_imports_daph_learning_not_other_scripts" time="0.046" /><testcase classname="tests.test_ood_benchmark_v035" name="test_generator_version_bumped_to_v035" time="0.000" /><testcase classname="tests.test_ood_benchmark_v035" name="test_all_categories_present" time="0.000" /><testcase classname="tests.test_ood_benchmark_v035" name="test_category_groups_are_disjoint" time="0.000" /><testcase classname="tests.test_ood_benchmark_v035" name="test_typed_oracle_fields_present_on_every_task" time="0.000" /><testcase classname="tests.test_ood_benchmark_v035" name="test_route_label_equals_utility_oracle_for_backward_compat" time="0.000" /><testcase classname="tests.test_ood_benchmark_v035" name="test_non_symbolic_tasks_route_to_llm" time="0.000" /><testcase classname="tests.test_ood_benchmark_v035" name="test_adversarial_tasks_route_to_llm" time="0.000" /><testcase classname="tests.test_ood_benchmark_v035" name="test_malformed_tasks_route_to_llm" time="0.000" /><testcase classname="tests.test_ood_benchmark_v035" name="test_nested_arithmetic_uses_textual_fallback" time="0.000" /><testcase classname="tests.test_ood_benchmark_v035" name="test_signed_nested_arithmetic_produces_correct_value" time="0.000" /><testcase classname="tests.test_ood_benchmark_v035" name="test_unsupported_arithmetic_uses_division" time="0.000" /><testcase classname="tests.test_ood_benchmark_v035" name="test_generate_benchmark_determinism" time="0.001" /><testcase classname="tests.test_ood_benchmark_v035" name="test_generate_benchmark_balance" time="0.001" /><testcase classname="tests.test_ood_benchmark_v035" name="test_generate_benchmark_with_category_subset" time="0.000" /><testcase classname="tests.test_ood_benchmark_v035" name="test_generate_benchmark_shuffles_order" time="0.001" /><testcase classname="tests.test_ood_benchmark_v035" name="test_category_group_metadata_present" time="0.000" /><testcase classname="tests.test_ood_benchmark_v035" name="test_cli_symbolic_only_flag" time="0.002" /><testcase classname="tests.test_ood_benchmark_v035" name="test_cli_non_symbolic_only_flag" time="0.002" /><testcase classname="tests.test_ood_benchmark_v035" name="test_cli_symbolic_and_non_symbolic_mutually_exclusive" time="0.001" /><testcase classname="tests.test_ood_benchmark_v035" name="test_cli_categories_flag" time="0.001" /><testcase classname="tests.test_ood_benchmark_v035" name="test_evaluate_route_records_includes_oracle_kind" time="0.000" /><testcase classname="tests.test_ood_benchmark_v035" name="test_evaluate_route_records_oracle_kind_none_when_not_provided" time="0.000" /><testcase classname="tests.test_outcome_contract_v0310_3_1" name="test_execution_succeeds_but_verifier_rejects" time="0.000" /><testcase classname="tests.test_outcome_contract_v0310_3_1" name="test_execution_fails" time="0.000" /><testcase classname="tests.test_outcome_contract_v0310_3_1" name="test_backend_unavailable" time="0.000" /><testcase classname="tests.test_outcome_contract_v0310_3_1" name="test_verifier_unavailable" time="0.000" /><testcase classname="tests.test_outcome_contract_v0310_3_1" name="test_executed_and_verified_correct" time="0.000" /><testcase classname="tests.test_outcome_contract_v0310_3_1" name="test_execution_success_not_inferred_from_correct" time="0.000" /><testcase classname="tests.test_outcome_contract_v0310_3_1" name="test_known_unsupported_backend_keeps_measurement_confidence" time="0.000" /><testcase classname="tests.test_outcome_contract_v0310_3_1" name="test_incorrect_answer_deterministic_verifier" time="0.000" /><testcase classname="tests.test_outcome_contract_v0310_3_1" name="test_combine_paired_confidence_product" time="0.001" /><testcase classname="tests.test_outcome_contract_v0310_3_1" name="test_combine_paired_confidence_min" time="0.000" /><testcase classname="tests.test_outcome_contract_v0310_3_1" name="test_combine_paired_confidence_geometric_mean" time="0.000" /><testcase classname="tests.test_outcome_contract_v0310_3_1" name="test_combine_paired_confidence_rejects_out_of_range" time="0.000" /><testcase classname="tests.test_outcome_contract_v0310_3_1" name="test_config_default_confidence_combine_is_product" time="0.000" /><testcase classname="tests.test_outcome_contract_v0310_3_1" name="test_config_rejects_unknown_confidence_combine" time="0.000" /><testcase classname="tests.test_outcome_semantics_v039" name="test_unexecuted_backend_record_is_never_correct" time="0.000" /><testcase classname="tests.test_outcome_semantics_v039" name="test_unexecuted_backend_cannot_be_marked_verified_correct" time="0.000" /><testcase classname="tests.test_outcome_semantics_v039" name="test_unexecuted_backend_must_carry_not_executed_status" time="0.000" /><testcase classname="tests.test_outcome_semantics_v039" name="test_skipped_backend_never_marked_correct_via_build" time="0.000" /><testcase classname="tests.test_outcome_semantics_v039" name="test_selected_but_unexecuted_backend_never_correct" time="0.000" /><testcase classname="tests.test_outcome_semantics_v039" name="test_four_semantics_are_distinct_and_inspectable" time="0.000" /><testcase classname="tests.test_outcome_semantics_v039" name="test_route_suitability_separate_from_backend_correctness" time="0.000" /><testcase classname="tests.test_outcome_semantics_v039" name="test_both_backends_executed_exactly_once" time="0.000" /><testcase classname="tests.test_outcome_semantics_v039" name="test_legacy_label_correct_only_when_selected_executed_verified" time="0.000" /><testcase classname="tests.test_outcome_semantics_v039" name="test_legacy_label_unverifiable_when_selected_backend_skipped" time="0.000" /><testcase classname="tests.test_outcome_semantics_v039" name="test_legacy_label_misrouted_when_selected_backend_wrong" time="0.000" /><testcase classname="tests.test_outcome_semantics_v039" name="test_abstain_route_executes_neither_backend" time="0.000" /><testcase classname="tests.test_outcome_semantics_v039" name="test_custom_verifier_used_when_supplied" time="0.000" /><testcase classname="tests.test_outcome_semantics_v039" name="test_default_verifier_is_numeric_not_router" time="0.000" /><testcase classname="tests.test_outcome_semantics_v039" name="test_changing_oracle_field_changes_route_suitability" time="0.000" /><testcase classname="tests.test_paired_gate" name="test_notebook_discordant_p_value" time="0.000" /><testcase classname="tests.test_paired_gate" name="test_exact_paired_symmetry" time="0.000" /><testcase classname="tests.test_promotion_gate" name="test_promote_on_clear_paired_improvement" time="0.001" /><testcase classname="tests.test_promotion_gate" name="test_rollback_on_low_coverage" time="0.000" /><testcase classname="tests.test_promotion_gate" name="test_rollback_on_no_paired_improvement" time="0.000" /><testcase classname="tests.test_promotion_gate" name="test_rollback_on_too_few_discordant" time="0.000" /><testcase classname="tests.test_promotion_gate" name="test_rollback_on_excessive_regressions" time="0.000" /><testcase classname="tests.test_promotion_gate" name="test_candidate_regression_causes_rollback" time="0.000" /><testcase classname="tests.test_promotion_gate" name="test_rollback_on_low_confidence" time="0.000" /><testcase classname="tests.test_promotion_gate" name="test_rollback_on_negative_utility_delta" time="0.000" /><testcase classname="tests.test_promotion_gate" name="test_lineage_chain_and_rollback" time="0.001" /><testcase classname="tests.test_promotion_gate" name="test_lineage_records_are_immutable_and_hashed" time="0.000" /><testcase classname="tests.test_promotion_gate" name="test_lineage_hash_changes_with_decision" time="0.000" /><testcase classname="tests.test_protocol_guard_v038" name="test_final_test_rejected_for_adaptive_purpose[vector_capture]" time="0.000" /><testcase classname="tests.test_protocol_guard_v038" name="test_final_test_rejected_for_adaptive_purpose[hyperparameter_tuning]" time="0.000" /><testcase classname="tests.test_protocol_guard_v038" name="test_final_test_rejected_for_adaptive_purpose[calibration]" time="0.000" /><testcase classname="tests.test_protocol_guard_v038" name="test_final_test_rejected_for_adaptive_purpose[model_selection]" time="0.000" /><testcase classname="tests.test_protocol_guard_v038" name="test_final_test_rejected_for_adaptive_purpose[engineering_eval]" time="0.000" /><testcase classname="tests.test_protocol_guard_v038" name="test_final_evaluation_requires_frozen_configuration" time="0.000" /><testcase classname="tests.test_protocol_guard_v038" name="test_final_test_ledger_is_one_shot" time="0.002" /><testcase classname="tests.test_protocol_guard_v038" name="test_final_test_ledger_rejects_non_hash_provenance" time="0.001" /><testcase classname="tests.test_random_direction_control" name="test_make_random_direction_same_norm" time="0.000" /><testcase classname="tests.test_random_direction_control" name="test_make_random_direction_different_direction" time="0.001" /><testcase classname="tests.test_random_direction_control" name="test_make_random_direction_deterministic_with_seed" time="0.000" /><testcase classname="tests.test_random_direction_control" name="test_make_random_vector_preserves_spec" time="0.000" /><testcase classname="tests.test_random_direction_control" name="test_run_control_experiment_with_fake_model" time="0.002" /><testcase classname="tests.test_random_direction_control" name="test_run_control_experiment_deterministic_with_seed" time="0.002" /><testcase classname="tests.test_random_null_v038" name="test_empirical_null_uses_finite_sample_correction" time="0.000" /><testcase classname="tests.test_random_null_v038" name="test_empirical_null_protocol_threshold" time="0.000" /><testcase classname="tests.test_random_null_v038" name="test_empirical_null_rejects_nonfinite_values" time="0.000" /><testcase classname="tests.test_release_gates_v0310_3_1" name="test_gate_registry_has_32_gates" time="0.000" /><testcase classname="tests.test_release_gates_v0310_3_1" name="test_every_gate_has_section_description_claims_tests" time="0.000" /><testcase classname="tests.test_release_gates_v0310_3_1" name="test_every_claim_has_at_least_one_gate" time="0.000" /><testcase classname="tests.test_release_gates_v0310_3_1" name="test_get_gate_by_id" time="0.000" /><testcase classname="tests.test_release_gates_v0310_3_1" name="test_get_gate_unknown_raises" time="0.000" /><testcase classname="tests.test_release_gates_v0310_3_1" name="test_gate_ids_are_unique" time="0.000" /><testcase classname="tests.test_release_gates_v0310_3_1" name="test_gate_test_files_exist" time="0.001" /><testcase classname="tests.test_release_gates_v0310_3_1" name="test_g32_all_gates_pass_is_self_referential" time="0.000" /><testcase classname="tests.test_route_fn_contract" name="test_coerce_string_route" time="0.000" /><testcase classname="tests.test_route_fn_contract" name="test_coerce_dict_route_with_scores" time="0.000" /><testcase classname="tests.test_route_fn_contract" name="test_coerce_routedecision_passthrough" time="0.000" /><testcase classname="tests.test_route_fn_contract" name="test_coerce_rejects_bad_string" time="0.000" /><testcase classname="tests.test_route_fn_contract" name="test_coerce_rejects_missing_route_key" time="0.000" /><testcase classname="tests.test_route_fn_contract" name="test_coerce_rejects_unsupported_type" time="0.000" /><testcase classname="tests.test_route_fn_contract" name="test_coerce_rejects_task_id_mismatch" time="0.000" /><testcase classname="tests.test_route_fn_contract" name="test_route_fn_called_once_per_task" time="0.000" /><testcase classname="tests.test_route_fn_contract" name="test_route_fn_result_propagated" time="0.000" /><testcase classname="tests.test_route_fn_contract" name="test_route_fn_invalid_result_rejected" time="0.000" /><testcase classname="tests.test_route_fn_contract" name="test_route_fn_exception_propagates" time="0.000" /><testcase classname="tests.test_route_fn_contract" name="test_builtin_fallback_baseline_when_no_route_fn_no_steering" time="0.000" /><testcase classname="tests.test_route_fn_contract" name="test_builtin_fallback_baseline_for_non_symbolic_task" time="0.000" /><testcase classname="tests.test_route_fn_contract" name="test_autolearn_loop_calls_custom_route_fn" time="0.001" /><testcase classname="tests.test_route_fn_contract" name="test_autolearn_loop_route_fn_exception_propagates" time="0.001" /><testcase classname="tests.test_route_fn_contract" name="test_autolearn_loop_route_fn_invalid_result_rejected" time="0.000" /><testcase classname="tests.test_route_fn_contract" name="test_autolearn_loop_without_route_fn_unchanged" time="0.001" /><testcase classname="tests.test_router" name="test_baseline_is_llm" time="0.000" /><testcase classname="tests.test_router" name="test_auto_multiply_is_symbolic" time="0.000" /><testcase classname="tests.test_router" name="test_auto_addition_stays_llm" time="0.000" /><testcase classname="tests.test_router" name="test_hybrid_supported_is_symbolic" time="0.000" /><testcase classname="tests.test_scoring" name="test_final_parser" time="0.000" /><testcase classname="tests.test_scoring" name="test_legacy_parser_documents_old_behavior" time="0.000" /><testcase classname="tests.test_semantic_family_splits" name="test_generated_splits_have_no_family_overlap" time="0.005" /><testcase classname="tests.test_semantic_family_splits" name="test_assert_no_leakage_passes_on_generated_splits" time="0.005" /><testcase classname="tests.test_semantic_family_splits" name="test_every_split_retains_all_categories" time="0.001" /><testcase classname="tests.test_semantic_family_splits" name="test_template_slots_are_disjoint_across_splits" time="0.000" /><testcase classname="tests.test_semantic_family_splits" name="test_split_family_resolves_to_template_id" time="0.001" /><testcase classname="tests.test_sequence_route_scoring_v038" name="test_full_sequence_scoring_reverses_misleading_first_token" time="0.001" /><testcase classname="tests.test_sequence_route_scoring_v038" name="test_sequence_scoring_fails_when_boundary_retokenizes" time="0.000" /><testcase classname="tests.test_stage_access_v0310_3_1" name="test_stage_enum_values" time="0.000" /><testcase classname="tests.test_stage_access_v0310_3_1" name="test_final_inaccessible_before_freeze" time="0.000" /><testcase classname="tests.test_stage_access_v0310_3_1" name="test_final_inaccessible_at_dev" time="0.000" /><testcase classname="tests.test_stage_access_v0310_3_1" name="test_final_inaccessible_at_calibration" time="0.000" /><testcase classname="tests.test_stage_access_v0310_3_1" name="test_final_accessible_after_freeze" time="0.000" /><testcase classname="tests.test_stage_access_v0310_3_1" name="test_final_access_ledger_records_access" time="0.000" /><testcase classname="tests.test_stage_access_v0310_3_1" name="test_final_access_ledger_exhausts_after_one" time="0.000" /><testcase classname="tests.test_stage_access_v0310_3_1" name="test_no_hyperparameter_updates_after_final_access" time="0.000" /><testcase classname="tests.test_stage_access_v0310_3_1" name="test_ledger_persists_to_disk" time="0.001" /><testcase classname="tests.test_stage_access_v0310_3_1" name="test_train_dev_calibration_accessible_before_freeze" time="0.000" /><testcase classname="tests.test_stage_freeze_final_guards" name="test_final_cannot_be_accessed_before_freeze" time="0.000" /><testcase classname="tests.test_stage_freeze_final_guards" name="test_final_can_be_accessed_after_freeze" time="0.000" /><testcase classname="tests.test_stage_freeze_final_guards" name="test_final_access_budget_is_enforced" time="0.000" /><testcase classname="tests.test_stage_freeze_final_guards" name="test_freeze_manifest_records_state" time="0.000" /><testcase classname="tests.test_stage_freeze_final_guards" name="test_freeze_manifest_verifies_matching_state" time="0.000" /><testcase classname="tests.test_stage_freeze_final_guards" name="test_freeze_manifest_detects_mismatch" time="0.000" /><testcase classname="tests.test_stage_freeze_final_guards" name="test_freeze_manifest_non_strict_returns_false_on_mismatch" time="0.000" /><testcase classname="tests.test_stage_freeze_final_guards" name="test_stage_guard_verify_frozen_state" time="0.000" /><testcase classname="tests.test_stage_freeze_final_guards" name="test_stage_guard_verify_without_freeze_raises" time="0.000" /><testcase classname="tests.test_stage_freeze_final_guards" name="test_ledger_records_final_access" time="0.000" /><testcase classname="tests.test_stage_freeze_final_guards" name="test_freeze_manifest_save_load_roundtrip" time="0.001" /><testcase classname="tests.test_stage_freeze_final_guards" name="test_train_dev_calibration_accessible_at_any_stage" time="0.000" /><testcase classname="tests.test_steered_router" name="test_route_action_parser" time="0.000" /><testcase classname="tests.test_steered_router" name="test_route_prompt_has_stable_anchor" time="0.000" /><testcase classname="tests.test_steering_decay" name="test_decay_none_always_one" time="0.000" /><testcase classname="tests.test_steering_decay" name="test_decay_none_ignores_decay_steps" time="0.000" /><testcase classname="tests.test_steering_decay" name="test_decay_linear_ramps_to_min" time="0.000" /><testcase classname="tests.test_steering_decay" name="test_decay_linear_with_min_multiplier" time="0.000" /><testcase classname="tests.test_steering_decay" name="test_decay_exponential_approaches_min" time="0.000" /><testcase classname="tests.test_steering_decay" name="test_decay_cosine_smooth_endpoints" time="0.000" /><testcase classname="tests.test_steering_decay" name="test_decay_cosine_with_min_multiplier" time="0.000" /><testcase classname="tests.test_steering_decay" name="test_decay_unknown_schedule_raises" time="0.000" /><testcase classname="tests.test_steering_decay" name="test_decay_zero_decay_steps_raises_for_non_none" time="0.000" /><testcase classname="tests.test_steering_decay" name="test_decay_negative_step_returns_one" time="0.000" /><testcase classname="tests.test_steering_decay" name="test_decay_min_multiplier_out_of_range_raises" time="0.000" /><testcase classname="tests.test_steering_decay" name="test_decay_monotonic_non_increasing" time="0.000" /><testcase classname="tests.test_steering_decay" name="test_decay_within_bounds" time="0.000" /><testcase classname="tests.test_steering_decay" name="test_residual_hook_decay_attenuates_over_decode_steps" time="0.001" /><testcase classname="tests.test_steering_decay" name="test_residual_hook_decay_none_keeps_constant_alpha" time="0.001" /><testcase classname="tests.test_steering_decay" name="test_residual_hook_decay_ignored_for_last_scope" time="0.001" /><testcase classname="tests.test_steering_decay" name="test_multi_layer_hook_forwards_per_config_decay" time="0.001" /><testcase classname="tests.test_steering_hooks" name="test_last_token_scope_only_changes_last_position" time="0.000" /><testcase classname="tests.test_steering_hooks" name="test_vector_model_dimension_validation" time="0.000" /><testcase classname="tests.test_steering_optimize" name="test_optimize_improves_margin" time="0.016" /><testcase classname="tests.test_steering_optimize" name="test_optimize_preserves_norm" time="0.003" /><testcase classname="tests.test_steering_optimize" name="test_optimize_deterministic_with_seed" time="0.011" /><testcase classname="tests.test_steering_optimize" name="test_optimize_returns_info" time="0.003" /><testcase classname="tests.test_steering_optimize" name="test_get_logit_margin" time="0.001" /><testcase classname="tests.test_steering_optimize" name="test_optimize_zero_iterations" time="0.001" /><testcase classname="tests.test_steering_optimize" name="test_balanced_objective_reports_telemetry_fields" time="0.006" /><testcase classname="tests.test_steering_optimize" name="test_balanced_objective_legacy_mode_when_no_negatives" time="0.002" /><testcase classname="tests.test_steering_optimize" name="test_balanced_objective_reduces_false_positive_rate" time="0.020" /><testcase classname="tests.test_steering_optimize" name="test_balanced_objective_l2_anchor_prevents_norm_blowup" time="0.008" /><testcase classname="tests.test_steering_provenance" name="test_steering_spec_defaults_provenance_to_none" time="0.000" /><testcase classname="tests.test_steering_provenance" name="test_steering_spec_accepts_provenance_fields" time="0.000" /><testcase classname="tests.test_steering_provenance" name="test_provenance_roundtrips_through_save_and_load" time="0.001" /><testcase classname="tests.test_steering_provenance" name="test_old_npz_without_provenance_still_loads" time="0.001" /><testcase classname="tests.test_steering_provenance" name="test_extract_uses_spec_normalization_l2" time="0.000" /><testcase classname="tests.test_steering_provenance" name="test_extract_uses_spec_normalization_none" time="0.000" /><testcase classname="tests.test_steering_provenance" name="test_extract_explicit_normalize_overrides_spec" time="0.000" /><testcase classname="tests.test_steering_provenance" name="test_extract_defaults_to_normalize_when_spec_normalization_is_none" time="0.000" /><testcase classname="tests.test_steering_provenance" name="test_extract_steering_vector_cli_populates_provenance" time="0.002" /><testcase classname="tests.test_steering_provenance" name="test_extract_steering_vector_cli_auto_fills_sample_counts" time="0.002" /><testcase classname="tests.test_steering_provenance" name="test_manifest_helper_reads_provenance_from_spec" time="0.001" /><testcase classname="tests.test_steering_safety_v038" name="test_relative_perturbation_is_clamped" time="0.001" /><testcase classname="tests.test_steering_safety_v038" name="test_safety_limits_validate_ranges" time="0.000" /><testcase classname="tests.test_steering_utility_evidence" name="test_steering_utility_uses_backend_utility" time="0.005" /><testcase classname="tests.test_steering_utility_evidence" name="test_steering_tracks_beneficial_and_harmful_flips" time="0.008" /><testcase classname="tests.test_steering_utility_evidence" name="test_steering_delta_u_not_p_symbolic" time="0.004" /><testcase classname="tests.test_steering_utility_evidence" name="test_random_control_p_emp" time="0.000" /><testcase classname="tests.test_steering_utility_evidence" name="test_random_control_p_emp_learned_best" time="0.000" /><testcase classname="tests.test_steering_utility_evidence" name="test_oracle_alpha_is_diagnostic_only" time="0.004" /><testcase classname="tests.test_steering_utility_evidence" name="test_capture_ablation_selects_best_layer" time="0.010" /><testcase classname="tests.test_steering_utility_evidence" name="test_policy_comparison_decisive" time="0.087" /><testcase classname="tests.test_steering_utility_v0310_3_1" name="test_steering_eval_produces_per_alpha_table" time="0.002" /><testcase classname="tests.test_steering_utility_v0310_3_1" name="test_steering_eval_uses_verified_utility_not_policy_score" time="0.002" /><testcase classname="tests.test_steering_utility_v0310_3_1" name="test_beneficial_and_harmful_flips_classified" time="0.003" /><testcase classname="tests.test_steering_utility_v0310_3_1" name="test_oracle_alpha_diagnostic_on_dev" time="0.002" /><testcase classname="tests.test_steering_utility_v0310_3_1" name="test_random_control_p_emp" time="0.000" /><testcase classname="tests.test_steering_utility_v0310_3_1" name="test_random_control_p_emp_all_below" time="0.000" /><testcase classname="tests.test_steering_utility_v0310_3_1" name="test_negative_result_supported" time="0.002" /><testcase classname="tests.test_symbolic_math" name="test_safe_integer_arithmetic" time="0.000" /><testcase classname="tests.test_symbolic_math" name="test_unsafe_constructs_rejected[__import__('os').system('id')]" time="0.000" /><testcase classname="tests.test_symbolic_math" name="test_unsafe_constructs_rejected[(1).__class__]" time="0.000" /><testcase classname="tests.test_symbolic_math" name="test_unsafe_constructs_rejected[x + 1]" time="0.000" /><testcase classname="tests.test_symbolic_math" name="test_unsafe_constructs_rejected[[x for x in [1]]]" time="0.000" /><testcase classname="tests.test_symbolic_math" name="test_unsafe_constructs_rejected[lambda: 1]" time="0.000" /><testcase classname="tests.test_symbolic_math" name="test_unsafe_constructs_rejected[1.5 + 2]" time="0.000" /><testcase classname="tests.test_symbolic_math" name="test_unsafe_constructs_rejected[True + 1]" time="0.000" /><testcase classname="tests.test_symbolic_math" name="test_unsafe_constructs_rejected[2 ** 100]" time="0.000" /><testcase classname="tests.test_symbolic_math" name="test_unsafe_constructs_rejected[4 / 2]" time="0.000" /><testcase classname="tests.test_symbolic_math" name="test_structured_inputs_preferred" time="0.000" /><testcase classname="tests.test_symbolic_math" name="test_modular_multiplication" time="0.000" /><testcase classname="tests.test_symbolic_math" name="test_mod_alias_supported" time="0.000" /><testcase classname="tests.test_symbolic_math" name="test_zero_division" time="0.000" /><testcase classname="tests.test_task_output_schemas" name="test_nonnumeric_task_dispatches_to_reference_verifier" time="0.000" /><testcase classname="tests.test_task_output_schemas" name="test_nonnumeric_task_verified_correctly_via_counterfactual_execution" time="0.000" /><testcase classname="tests.test_task_output_schemas" name="test_structured_task_uses_structured_verifier" time="0.000" /><testcase classname="tests.test_task_output_schemas" name="test_integer_task_still_uses_numeric_verifier" time="0.000" /><testcase classname="tests.test_task_output_schemas" name="test_free_form_task_not_credited_by_numeric_verifier" time="0.000" /><testcase classname="tests.test_template_disjointness" name="test_linguistic_template_ids_are_present" time="0.001" /><testcase classname="tests.test_template_disjointness" name="test_train_dev_template_disjoint" time="0.003" /><testcase classname="tests.test_template_disjointness" name="test_train_calibration_template_disjoint" time="0.003" /><testcase classname="tests.test_template_disjointness" name="test_train_final_template_disjoint" time="0.003" /><testcase classname="tests.test_template_disjointness" name="test_same_numbers_different_wording_different_template" time="0.000" /><testcase classname="tests.test_template_disjointness" name="test_different_numbers_same_wording_same_template" time="0.000" /><testcase classname="tests.test_trust_region" name="test_trust_region_convex_combination" time="0.000" /><testcase classname="tests.test_trust_region" name="test_trust_region_preserves_incumbent_norm" time="0.000" /><testcase classname="tests.test_trust_region" name="test_trust_region_eta_zero_returns_incumbent" time="0.000" /><testcase classname="tests.test_trust_region" name="test_trust_region_eta_one_uses_candidate_norm_of_incumbent" time="0.000" /><testcase classname="tests.test_trust_region" name="test_trust_region_rejects_bad_eta" time="0.000" /><testcase classname="tests.test_trust_region" name="test_trust_region_rejects_shape_mismatch" time="0.000" /><testcase classname="tests.test_trust_region" name="test_weighted_class_mean_basic" time="0.000" /><testcase classname="tests.test_trust_region" name="test_weighted_class_mean_weights_matter" time="0.000" /><testcase classname="tests.test_trust_region" name="test_weighted_class_mean_zero_weight_returns_zero" time="0.000" /><testcase classname="tests.test_trust_region" name="test_random_direction_norm_matches_requested_scale" time="0.000" /><testcase classname="tests.test_trust_region" name="test_random_direction_norm_matches_across_seeds" time="0.001" /><testcase classname="tests.test_trust_region" name="test_random_direction_zero_scale_is_zero_vector" time="0.000" /><testcase classname="tests.test_trust_region" name="test_random_direction_rejects_negative_scale" time="0.000" /><testcase classname="tests.test_trust_region" name="test_random_direction_rejects_zero_dim" time="0.000" /><testcase classname="tests.test_trust_region" name="test_loop_runs_and_records_lineage_and_ledger" time="0.003" /><testcase classname="tests.test_trust_region" name="test_loop_candidate_direction_points_toward_symbolic_class" time="0.002" /><testcase classname="tests.test_trust_region" name="test_loop_rolls_back_when_no_held_out_improvement" time="0.003" /><testcase classname="tests.test_utility_selection" name="test_quality_reward_only_for_correct" time="0.000" /><testcase classname="tests.test_utility_selection" name="test_latency_term_reduces_utility" time="0.000" /><testcase classname="tests.test_utility_selection" name="test_compute_term_reduces_utility" time="0.000" /><testcase classname="tests.test_utility_selection" name="test_risk_penalty_for_failure" time="0.000" /><testcase classname="tests.test_utility_selection" name="test_argmax_symbolic_when_symbolic_better" time="0.000" /><testcase classname="tests.test_utility_selection" name="test_argmax_llm_when_llm_better" time="0.000" /><testcase classname="tests.test_utility_selection" name="test_latency_dominant_can_flip_preference" time="0.000" /><testcase classname="tests.test_utility_selection" name="test_utility_config_is_frozen_and_hashed" time="0.000" /><testcase classname="tests.test_utility_selection" name="test_utility_breakdown_records_config_hash" time="0.000" /><testcase classname="tests.test_utility_selection" name="test_abstention_band_zero_means_exact_tie_only" time="0.000" /><testcase classname="tests.test_v0310_1_benchmark.TestRandomDirectionControl" name="test_linear_random_not_perfect" time="0.003" /><testcase classname="tests.test_v0310_1_benchmark.TestRandomDirectionControl" name="test_xor_random_near_chance" time="0.003" /><testcase classname="tests.test_v0310_1_benchmark.TestRandomDirectionControl" name="test_multimodal_random_not_perfect" time="0.002" /><testcase classname="tests.test_v0310_1_benchmark.TestWeightingValue" name="test_weighted_truly_beats_unweighted_multi_seed" time="0.396" /><testcase classname="tests.test_v0310_1_benchmark.TestWeightingValue" name="test_weighted_beats_unweighted_single_seed_smoke" time="0.032" /><testcase classname="tests.test_v0310_1_benchmark.TestCentroidFailure" name="test_centroid_degrades_on_multimodal" time="0.019" /><testcase classname="tests.test_v0310_1_benchmark.TestLinearRouterValue" name="test_logistic_strong_on_linear" time="0.016" /><testcase classname="tests.test_v0310_1_benchmark.TestLinearRouterValue" name="test_gate_computes_both_centroid_and_logistic" time="0.017" /><testcase classname="tests.test_v0310_1_benchmark.TestNonlinearRouterValue" name="test_mlp_beats_logistic_on_xor" time="0.053" /><testcase classname="tests.test_v0310_1_benchmark.TestRandomSteering" name="test_learned_exceeds_median_random_on_linear" time="0.017" /><testcase classname="tests.test_v0310_1_benchmark.TestEnvironmentsAreWellFormed" name="test_environment_produces_tasks[linear]" time="0.000" /><testcase classname="tests.test_v0310_1_benchmark.TestEnvironmentsAreWellFormed" name="test_environment_produces_tasks[near_tie]" time="0.002" /><testcase classname="tests.test_v0310_1_benchmark.TestEnvironmentsAreWellFormed" name="test_environment_produces_tasks[multimodal]" time="0.001" /><testcase classname="tests.test_v0310_1_benchmark.TestEnvironmentsAreWellFormed" name="test_environment_produces_tasks[xor]" time="0.000" /><testcase classname="tests.test_v0310_1_benchmark.TestEnvironmentsAreWellFormed" name="test_environment_utilities_are_bounded[linear]" time="0.000" /><testcase classname="tests.test_v0310_1_benchmark.TestEnvironmentsAreWellFormed" name="test_environment_utilities_are_bounded[near_tie]" time="0.001" /><testcase classname="tests.test_v0310_1_benchmark.TestEnvironmentsAreWellFormed" name="test_environment_utilities_are_bounded[multimodal]" time="0.000" /><testcase classname="tests.test_v0310_1_benchmark.TestEnvironmentsAreWellFormed" name="test_environment_utilities_are_bounded[xor]" time="0.000" /><testcase classname="tests.test_v0310_1_benchmark.TestEnvironmentsAreWellFormed" name="test_multimodal_centroid_direction_is_weak" time="0.001" /><testcase classname="tests.test_v0310_1_benchmark.TestEnvironmentsAreWellFormed" name="test_xor_is_nonlinear" time="0.003" /><testcase classname="tests.test_v0310_1_gates.TestComparativeGate" name="test_computes_both_sides" time="0.000" /><testcase classname="tests.test_v0310_1_gates.TestComparativeGate" name="test_fails_when_candidate_worse" time="0.000" /><testcase classname="tests.test_v0310_1_gates.TestComparativeGate" name="test_tolerance_allows_tie" time="0.000" /><testcase classname="tests.test_v0310_1_gates.TestComparativeGate" name="test_candidate_higher_for_utility" time="0.000" /><testcase classname="tests.test_v0310_1_gates.TestComparativeGate" name="test_raises_on_missing_metric" time="0.000" /><testcase classname="tests.test_v0310_1_gates.TestComparativeGate" name="test_never_passes_without_both_sides" time="0.000" /><te
[...]
00" /><testcase classname="tests.test_v0310_gates.TestCausalIntervention" name="test_direction_reversal_test_passes" time="0.001" /><testcase classname="tests.test_v0310_gates.TestCausalIntervention" name="test_intervention_experiment_dose_response" time="0.000" /><testcase classname="tests.test_v0310_gates.TestCausalIntervention" name="test_random_direction_no_effect" time="0.001" /><testcase classname="tests.test_v0310_gates.TestOracleLeakage" name="test_candidate_utility_uses_policy_action_not_oracle" time="0.000" /><testcase classname="tests.test_v0310_gates.TestOracleLeakage" name="test_paired_promotion_uses_actual_utilities" time="0.002" /><testcase classname="tests.test_v0310_gates.TestKLPromotionGate" name="test_candidate_rejected_for_kl_violation" time="0.000" /><testcase classname="tests.test_v0310_gates.TestKLPromotionGate" name="test_candidate_rejected_for_capability_drop" time="0.000" /><testcase classname="tests.test_v0310_gates.TestKLPromotionGate" name="test_candidate_promoted_when_all_pass" time="0.000" /><testcase classname="tests.test_v0310_gates.TestKLPromotionGate" name="test_candidate_rejected_for_insufficient_samples" time="0.000" /><testcase classname="tests.test_v0310_gates.TestKLPromotionGate" name="test_mean_kl_neutral" time="0.000" /><testcase classname="tests.test_v0310_gates.TestRollbackAtomic" name="test_lineage_rollback_restores_prior" time="0.000" /><testcase classname="tests.test_v0310_gates.TestTaskIDAlignment" name="test_no_silent_truncation" time="0.000" /><testcase classname="tests.test_v0310_gates.TestTaskIDAlignment" name="test_captured_activation_validates" time="0.000" /><testcase classname="tests.test_v0310_gates.TestVersionConsistency" name="test_version_is_0310_alpha" time="0.000" /><testcase classname="tests.test_v0310_gates.TestVersionConsistency" name="test_pyproject_version_matches" time="0.001" /><testcase classname="tests.test_v0310_gates.TestVersionConsistency" name="test_experiment_config_has_version" time="0.000" /><testcase classname="tests.test_v0310_gates.TestVersionConsistency" name="test_experiment_config_freeze_is_idempotent" time="0.000" /><testcase classname="tests.test_v0310_gates.TestVersionConsistency" name="test_experiment_config_hash_changes_with_seed" time="0.000" /><testcase classname="tests.test_v0310_gates.TestSyntheticClosedLoop" name="test_synthetic_loop_reduces_regret" time="0.118" /><testcase classname="tests.test_v0310_gates.TestCalibrationMetrics" name="test_brier_score_perfect" time="0.000" /><testcase classname="tests.test_v0310_gates.TestCalibrationMetrics" name="test_brier_score_worst" time="0.000" /><testcase classname="tests.test_v0310_gates.TestCalibrationMetrics" name="test_ece_perfect_calibration" time="0.000" /><testcase classname="tests.test_v0310_gates.TestCalibrationMetrics" name="test_selective_risk_curve" time="0.000" /><testcase classname="tests.test_v0310_gates.TestFeatureReduction" name="test_pca_fit_transform" time="0.002" /><testcase classname="tests.test_v0310_gates.TestFeatureReduction" name="test_pca_transform_uses_train_basis" time="0.000" /><testcase classname="tests.test_v0310_gates.TestFeatureReduction" name="test_pca_not_fitted_raises" time="0.000" /><testcase classname="tests.test_v0310_gates.TestReplayPriority" name="test_priority_emphasizes_costly_errors" time="0.000" /><testcase classname="tests.test_v0310_gates.TestReplayPriority" name="test_buffer_add_and_sample" time="0.000" /><testcase classname="tests.test_v0310_gates.TestReplayPriority" name="test_buffer_evicts_lowest_priority" time="0.000" /><testcase classname="tests.test_v0310_gates.TestBanditLogging" name="test_policy_decision_logs_propensity" time="0.000" /><testcase classname="tests.test_v0310_gates.TestBanditLogging" name="test_doubly_robust_correction" time="0.000" /><testcase classname="tests.test_v0310_gates.TestBanditLogging" name="test_doubly_robust_no_correction_when_action_mismatch" time="0.000" /><testcase classname="tests.test_v0310_gates.TestLowRankController" name="test_orthogonality_loss_zero_for_orthogonal" time="0.002" /><testcase classname="tests.test_v0310_gates.TestLowRankController" name="test_orthogonality_loss_positive_for_non_orthogonal" time="0.000" /><testcase classname="tests.test_v0310_gates.TestLowRankController" name="test_interference_matrix" time="0.000" /><testcase classname="tests.test_v0310_gates.TestLowRankController" name="test_lowrank_controller_forward" time="0.001" /><testcase classname="tests.test_v0310_gates.TestLatentVerifier" name="test_latent_verifier_score" time="0.000" /><testcase classname="tests.test_v0310_gates.TestSNRWeighting" name="test_snr_weight_clips" time="0.000" /><testcase classname="tests.test_v0310_gates.TestSNRWeighting" name="test_snr_weight_no_clip" time="0.000" /><testcase classname="tests.test_v0310_gates.TestSNRWeighting" name="test_snr_weight_negative_sigma_raises" time="0.000" /><testcase classname="tests.test_v032_fallback_integration" name="test_symbolic_fallback_prompt_retains_retrieved_memory" time="0.087" /><testcase classname="tests.test_v032_hook_scope" name="test_last_scope_is_prompt_only_and_one_shot" time="0.002" /><testcase classname="tests.test_v032_repairs" name="test_procedural_memory_is_available_for_fallback_prompting" time="0.000" /><testcase classname="tests.test_v032_repairs" name="test_parser_stops_before_trailing_alpha_and_numeric_instruction" time="0.000" /><testcase classname="tests.test_v032_repairs" name="test_multistep_dag_can_execute_out_of_tuple_order" time="0.000" /><testcase classname="tests.test_v032_repairs" name="test_multistep_dag_rejects_cycle" time="0.000" /><testcase classname="tests.test_v032_repairs" name="test_evaluate_routes_penalizes_malformed" time="0.177" /><testcase classname="tests.test_v032_repairs" name="test_evaluate_routes_malformed_llm_oracle_still_lowers_accuracy" time="0.114" /><testcase classname="tests.test_v033_repairs" name="test_embedded_variable_substitution" time="0.001" /><testcase classname="tests.test_v033_repairs" name="test_embedded_variable_dependency_discovery_allows_out_of_order_dag" time="0.000" /><testcase classname="tests.test_v033_repairs" name="test_evaluate_routes_tn_does_not_count_malformed" time="0.117" /><testcase classname="tests.test_v033_repairs" name="test_target_token_index_changes_only_requested_prompt_token" time="0.001" /><testcase classname="tests.test_v033_repairs" name="test_anchor_alignment_ignores_appended_assistant_header" time="0.000" /><testcase classname="tests.test_v033_tuning" name="test_tuning_score_key_prefers_f1_then_coverage_then_accuracy" time="0.000" /><testcase classname="tests.test_v034_repairs" name="test_route_action_from_logits" time="0.000" /><testcase classname="tests.test_v034_repairs" name="test_multi_layer_residual_addition_hook" time="0.000" /><testcase classname="tests.test_v034_repairs" name="test_batch_specific_target_indices" time="0.000" /><testcase classname="tests.test_v034_repairs" name="test_generate_ood_benchmark_determinism" time="0.119" /><testcase classname="tests.test_v034_token_ids" name="test_resolve_route_token_ids_single_token" time="0.000" /><testcase classname="tests.test_v034_token_ids" name="test_resolve_route_token_ids_rejects_multitoken_labels" time="0.000" /><testcase classname="tests.test_v035_repairs" name="test_resolve_route_token_ids_autodetect" time="0.000" /><testcase classname="tests.test_v035_repairs" name="test_resolve_route_token_ids_autodetect_falls_back_to_raw" time="0.000" /><testcase classname="tests.test_v035_repairs" name="test_paired_discordant_analysis" time="0.000" /><testcase classname="tests.test_v035_repairs" name="test_mcnemar_equal_discordance_has_zero_corrected_statistic" time="0.000" /><testcase classname="tests.test_v035_repairs" name="test_clopper_pearson_zero_successes" time="0.000" /><testcase classname="tests.test_v035_repairs" name="test_load_vector_bundle_comma_and_json" time="0.003" /><testcase classname="tests.test_v035_repairs" name="test_load_vector_bundle_rejects_duplicate_layers" time="0.002" /><testcase classname="tests.test_v035_repairs" name="test_generate_batch_returns_one_completion_per_prompt" time="0.001" /><testcase classname="tests.test_v035_repairs" name="test_gate_emits_expanded_paired_telemetry" time="0.102" /><testcase classname="tests.test_v037_exit_gate" name="test_v037_test_file_exists[tests/test_route_fn_contract.py]" time="0.000" /><testcase classname="tests.test_v037_exit_gate" name="test_v037_test_file_exists[tests/test_no_scripts_imports.py]" time="0.000" /><testcase classname="tests.test_v037_exit_gate" name="test_v037_test_file_exists[tests/test_exception_fallbacks.py]" time="0.000" /><testcase classname="tests.test_v037_exit_gate" name="test_v037_test_file_exists[tests/test_version_claims_discipline.py]" time="0.000" /><testcase classname="tests.test_v037_exit_gate" name="test_v037_test_file_exists[tests/test_manifest_environment.py]" time="0.000" /><testcase classname="tests.test_v037_exit_gate" name="test_v037_test_file_exists[tests/test_cli_entrypoints.py]" time="0.000" /><testcase classname="tests.test_v037_exit_gate" name="test_package_importable_without_pythonpath" time="0.000" /><testcase classname="tests.test_v037_exit_gate" name="test_cli_entry_points_on_path" time="0.000" /><testcase classname="tests.test_v037_exit_gate" name="test_no_src_imports_scripts" time="0.151" /><testcase classname="tests.test_v037_exit_gate" name="test_version_surfaces_agree" time="0.001" /><testcase classname="tests.test_v037_exit_gate" name="test_v037_source_module_exists[src/daph_learning/routing/policy.py]" time="0.000" /><testcase classname="tests.test_v037_exit_gate" name="test_v037_source_module_exists[src/daph_learning/routing/errors.py]" time="0.000" /><testcase classname="tests.test_v037_exit_gate" name="test_v037_source_module_exists[src/daph_learning/telemetry.py]" time="0.000" /><testcase classname="tests.test_v037_exit_gate" name="test_v037_source_module_exists[src/daph_learning/environment.py]" time="0.000" /><testcase classname="tests.test_v037_exit_gate" name="test_v037_source_module_exists[src/daph_learning/cli/__init__.py]" time="0.000" /><testcase classname="tests.test_v039_causal_gates" name="test_heldout_evaluation_is_sensitive_to_candidate_vector" time="0.002" /><testcase classname="tests.test_v039_causal_gates" name="test_heldout_evaluation_zero_vector_baseline" time="0.001" /><testcase classname="tests.test_v039_causal_gates" name="test_heldout_evaluation_is_sensitive_to_incumbent_vector" time="0.002" /><testcase classname="tests.test_v039_causal_gates" name="test_oracle_leakage_candidate_selects_llm_but_oracle_prefers_symbolic" time="0.001" /><testcase classname="tests.test_v039_causal_gates" name="test_capture_alignment_exactly_8_of_10_enter_update" time="0.001" /><testcase classname="tests.test_v039_causal_gates" name="test_capture_alignment_weights_match_task_ids" time="0.000" /><testcase classname="tests.test_v039_causal_gates" name="test_capture_alignment_min_coverage_gate" time="0.001" /><testcase classname="tests.test_v039_causal_gates" name="test_trust_region_zero_vector_bootstrap" time="0.000" /><testcase classname="tests.test_v039_causal_gates" name="test_trust_region_bootstrap_rejects_both_zero" time="0.000" /><testcase classname="tests.test_v039_causal_gates" name="test_trust_region_rejects_nan_candidate" time="0.000" /><testcase classname="tests.test_v039_causal_gates" name="test_trust_region_rejects_inf_candidate" time="0.000" /><testcase classname="tests.test_v039_causal_gates" name="test_trust_region_rejects_zero_candidate_when_incumbent_nonzero" time="0.000" /><testcase classname="tests.test_v039_causal_gates" name="test_trust_region_candidate_identical_to_incumbent" time="0.000" /><testcase classname="tests.test_v039_causal_gates" name="test_trust_region_candidate_opposite_incumbent" time="0.000" /><testcase classname="tests.test_v039_causal_gates" name="test_trust_region_excessive_candidate_norm_clipped" time="0.000" /><testcase classname="tests.test_v039_causal_gates" name="test_trust_region_max_update_norm_clipping" time="0.000" /><testcase classname="tests.test_v039_causal_gates" name="test_trust_region_min_norm_enforced" time="0.000" /><testcase classname="tests.test_v039_causal_gates" name="test_trust_region_all_committed_vectors_finite" time="0.002" /><testcase classname="tests.test_v039_causal_gates" name="test_failed_candidate_rollback_incumbent_unchanged" time="0.003" /><testcase classname="tests.test_v039_causal_gates" name="test_synthetic_closed_loop_autolearn_improves_over_incumbent" time="0.056" /><testcase classname="tests.test_verification_v038" name="test_numeric_verifier_rejects_substring_false_positive" time="0.000" /><testcase classname="tests.test_verification_v038" name="test_numeric_verifier_rejects_unstructured_prose" time="0.000" /><testcase classname="tests.test_verification_v038" name="test_numeric_verifier_accepts_exact_or_final_integer" time="0.000" /><testcase classname="tests.test_verification_v038" name="test_route_raw_is_not_reused_as_an_answer" time="0.000" /><testcase classname="tests.test_verification_v038" name="test_symbolic_without_expected_value_is_unverifiable" time="0.000" /><testcase classname="tests.test_verifier_abstraction" name="test_integer_schema_uses_numeric_verifier" time="0.000" /><testcase classname="tests.test_verifier_abstraction" name="test_integer_schema_rejects_substring_match" time="0.000" /><testcase classname="tests.test_verifier_abstraction" name="test_exact_schema_exact_match" time="0.000" /><testcase classname="tests.test_verifier_abstraction" name="test_exact_match_case_insensitive_option" time="0.000" /><testcase classname="tests.test_verifier_abstraction" name="test_reference_schema_uses_reference_verifier" time="0.000" /><testcase classname="tests.test_verifier_abstraction" name="test_reference_verifier_normalizes_whitespace_and_case" time="0.000" /><testcase classname="tests.test_verifier_abstraction" name="test_structured_schema_validates_fields_and_types" time="0.000" /><testcase classname="tests.test_verifier_abstraction" name="test_structured_schema_rejects_bool_for_int" time="0.000" /><testcase classname="tests.test_verifier_abstraction" name="test_free_form_schema_unverifiable_without_judge" time="0.000" /><testcase classname="tests.test_verifier_abstraction" name="test_free_form_with_judge_uses_judge_verdict" time="0.000" /><testcase classname="tests.test_verifier_abstraction" name="test_free_form_judge_abstention_yields_unverifiable" time="0.000" /><testcase classname="tests.test_verifier_abstraction" name="test_free_form_judge_exception_yields_unverifiable_not_crash" time="0.000" /><testcase classname="tests.test_verifier_abstraction" name="test_composite_first_definitive_wins" time="0.000" /><testcase classname="tests.test_verifier_abstraction" name="test_composite_all_unverifiable_yields_unverifiable" time="0.000" /><testcase classname="tests.test_verifier_abstraction" name="test_composite_execution_failed_short_circuits" time="0.000" /><testcase classname="tests.test_verifier_abstraction" name="test_select_verifier_never_returns_router" time="0.000" /><testcase classname="tests.test_verifier_abstraction" name="test_unknown_schema_fails_closed_toward_check_not_credit" time="0.000" /><testcase classname="tests.test_verifier_modes_ablations" name="test_verifier_modes_are_explicit" time="0.000" /><testcase classname="tests.test_verifier_modes_ablations" name="test_verification_result_records_mode" time="0.000" /><testcase classname="tests.test_verifier_modes_ablations" name="test_exact_verification_correct" time="0.000" /><testcase classname="tests.test_verifier_modes_ablations" name="test_exact_verification_incorrect" time="0.000" /><testcase classname="tests.test_verifier_modes_ablations" name="test_numeric_extractor_handles_prose" time="0.000" /><testcase classname="tests.test_verifier_modes_ablations" name="test_numeric_extractor_handles_wrong_prose" time="0.000" /><testcase classname="tests.test_verifier_modes_ablations" name="test_verification_of_none_output" time="0.000" /><testcase classname="tests.test_verifier_modes_ablations" name="test_capture_ablation_forbids_final" time="0.000" /><testcase classname="tests.test_verifier_modes_ablations" name="test_grouped_stats_effective_sample_size" time="0.000" /><testcase classname="tests.test_verifier_modes_ablations" name="test_grouped_bootstrap_ci" time="0.011" /><testcase classname="tests.test_version_claims_discipline" name="test_pyproject_matches_init_version" time="0.000" /><testcase classname="tests.test_version_claims_discipline" name="test_readme_header_matches_init_version" time="0.000" /><testcase classname="tests.test_version_claims_discipline" name="test_claims_header_matches_init_version" time="0.000" /><testcase classname="tests.test_version_claims_discipline" name="test_changelog_has_current_version_entry" time="0.000" /><testcase classname="tests.test_version_claims_discipline" name="test_readme_changelog_has_current_version_entry" time="0.000" /><testcase classname="tests.test_version_claims_discipline" name="test_claims_status_tags_are_well_formed" time="0.000" /><testcase classname="tests.test_version_claims_discipline" name="test_claims_test_count_is_lower_bound" time="6.696" /><testcase classname="tests.test_version_claims_discipline" name="test_no_stale_version_references_in_readme" time="0.001" /><testcase classname="tests.test_version_claims_discipline" name="test_version_consistency" time="0.116" /><testcase classname="tests.test_weighted_examples" name="test_weight_grows_with_abs_delta" time="0.000" /><testcase classname="tests.test_weighted_examples" name="test_weight_zero_for_abstain" time="0.000" /><testcase classname="tests.test_weighted_examples" name="test_weight_zero_for_both_fail" time="0.000" /><testcase classname="tests.test_weighted_examples" name="test_weight_capped_at_w_max" time="0.000" /><testcase classname="tests.test_weighted_examples" name="test_custom_weight_fn_used" time="0.000" /><testcase classname="tests.test_within_subtype_crossover" name="test_within_subtype_crossover_exists" time="0.009" /><testcase classname="tests.test_within_subtype_crossover" name="test_crossover_subtypes_have_balanced_wins" time="0.008" /><testcase classname="tests.test_within_subtype_crossover" name="test_optimal_backend_not_in_metadata" time="0.001" /><testcase classname="tests.test_within_subtype_crossover" name="test_both_backends_available_on_required_fraction" time="0.004" /><testcase classname="tests.test_within_subtype_crossover" name="test_crossover_distribution_has_per_subtype_summary" time="0.003" /><testcase classname="tests.test_zero_weight_policy_v0310_3_1" name="test_require_effective_class_weight_raises_on_zero" time="0.000" /><testcase classname="tests.test_zero_weight_policy_v0310_3_1" name="test_require_effective_class_weight_passes_on_positive" time="0.000" /><testcase classname="tests.test_zero_weight_policy_v0310_3_1" name="test_zero_symbolic_class_weight_fails_by_default" time="0.000" /><testcase classname="tests.test_zero_weight_policy_v0310_3_1" name="test_zero_llm_class_weight_fails_by_default" time="0.000" /><testcase classname="tests.test_zero_weight_policy_v0310_3_1" name="test_explicit_fallback_records_provenance" time="0.000" /><testcase classname="tests.test_zero_weight_policy_v0310_3_1" name="test_no_silent_estimator_substitution" time="0.000" /><testcase classname="tests.test_zero_weight_policy_v0310_3_1" name="test_fallback_persists_through_save_load" time="0.001" /><testcase classname="tests.test_zero_weight_policy_v0310_3_1" name="test_estimator_name_reflects_fallback" time="0.000" /><testcase classname="tests.test_zero_weight_policy_v0310_3_1" name="test_config_default_zero_weight_policy_is_error" time="0.000" /><testcase classname="tests.test_zero_weight_policy_v0310_3_1" name="test_config_rejects_unknown_zero_weight_policy" time="0.001" /></testsuite></testsuites>